INFO[03/31,21:52:37 +09] [31|metrics/utils/metrics.go:64]  Enabling metrics collection              
INFO[03/31,21:52:37 +09] [31|metrics/utils/metrics.go:66]  Enabling Prometheus Exporter             
INFO[03/31,21:52:37 +09] [18|cmd/utils/config.go:178]      Setting connection type                   nodetype=cn conntype=0
INFO[03/31,21:52:37 +09] [18|cmd/utils/config.go:186]      Setting MaxPhysicalConnections            MaxPhysicalConnections=10
INFO[03/31,21:52:37 +09] [18|cmd/utils/config.go:844]      A private network ID is set               networkid=2018
INFO[03/31,21:52:37 +09] [18|cmd/utils/config.go:728]      Raised fd limit to process's maximum value  fd=10240
INFO[03/31,21:52:37 +09] [18|cmd/utils/config.go:844]      A private network ID is set               networkid=2018
INFO[03/31,21:52:37 +09] [18|cmd/utils/config.go:592]      Archiving mode of this node               isArchiveMode=false
INFO[03/31,21:52:37 +09] [40|node/node.go:198]             Starting peer-to-peer node                instance=Klaytn/CN-1/v1.12.1/darwin-arm64/go1.22.0
INFO[03/31,21:52:37 +09] [48|storage/database/db_manager.go:587]  Non-single database is used for persistent storage  DBType=LevelDB
INFO[03/31,21:52:37 +09] [48|storage/database/leveldb_database.go:165]  LevelDB configurations                    path=/Users/junha/project/klaytn/homi-local/output/cn1/data/klay/chaindata/misc levelDBCacheSize=16 openFilesLimit=102 useBufferPool=true usePerfCheck=true compressionType=none compactionTableSize(MB)=2 compactionTableSizeMultiplier=1.000
INFO[03/31,21:52:37 +09] [48|storage/database/leveldb_database.go:165]  LevelDB configurations                    path=/Users/junha/project/klaytn/homi-local/output/cn1/data/klay/chaindata/header levelDBCacheSize=38 openFilesLimit=256 useBufferPool=true usePerfCheck=true compressionType=none compactionTableSize(MB)=2 compactionTableSizeMultiplier=1.000
INFO[03/31,21:52:37 +09] [48|storage/database/leveldb_database.go:165]  LevelDB configurations                    path=/Users/junha/project/klaytn/homi-local/output/cn1/data/klay/chaindata/body   levelDBCacheSize=38 openFilesLimit=256 useBufferPool=true usePerfCheck=true compressionType=none compactionTableSize(MB)=2 compactionTableSizeMultiplier=1.000
INFO[03/31,21:52:37 +09] [48|storage/database/leveldb_database.go:165]  LevelDB configurations                    path=/Users/junha/project/klaytn/homi-local/output/cn1/data/klay/chaindata/receipts levelDBCacheSize=38 openFilesLimit=256 useBufferPool=true usePerfCheck=true compressionType=none compactionTableSize(MB)=2 compactionTableSizeMultiplier=1.000
INFO[03/31,21:52:37 +09] [48|storage/database/leveldb_database.go:165]  LevelDB configurations                    path=/Users/junha/project/klaytn/homi-local/output/cn1/data/klay/chaindata/statetrie levelDBCacheSize=306 openFilesLimit=2048 useBufferPool=true usePerfCheck=true compressionType=none compactionTableSize(MB)=2 compactionTableSizeMultiplier=1.000
INFO[03/31,21:52:37 +09] [48|storage/database/leveldb_database.go:165]  LevelDB configurations                    path=/Users/junha/project/klaytn/homi-local/output/cn1/data/klay/chaindata/txlookup  levelDBCacheSize=16  openFilesLimit=102  useBufferPool=true usePerfCheck=true compressionType=none compactionTableSize(MB)=2 compactionTableSizeMultiplier=1.000
INFO[03/31,21:52:37 +09] [48|storage/database/leveldb_database.go:165]  LevelDB configurations                    path=/Users/junha/project/klaytn/homi-local/output/cn1/data/klay/chaindata/bridgeservice levelDBCacheSize=16  openFilesLimit=51   useBufferPool=true usePerfCheck=true compressionType=none compactionTableSize(MB)=2 compactionTableSizeMultiplier=1.000
INFO[03/31,21:52:37 +09] [48|storage/database/leveldb_database.go:165]  LevelDB configurations                    path=/Users/junha/project/klaytn/homi-local/output/cn1/data/klay/chaindata/snapshot      levelDBCacheSize=22  openFilesLimit=153  useBufferPool=true usePerfCheck=true compressionType=none compactionTableSize(MB)=2 compactionTableSizeMultiplier=1.000
INFO[03/31,21:52:37 +09] [30|governance/default.go:1065]                No governance state found in a database  
INFO[03/31,21:52:37 +09] [41|node/cn/backend.go:217]                    Initialised chain configuration           config="{ChainID: 1000 IstanbulCompatibleBlock: 0 LondonCompatibleBlock: 0 EthTxTypeCompatibleBlock: 0 MagmaCompatibleBlock: 0 KoreCompatibleBlock: 0 ShanghaiCompatibleBlock: 0 CancunCompatibleBlock: 0 DragonCompatibleBlock: 0 RandaoCompatibleBlock: 0 KIP103CompatibleBlock: 0 KIP103ContractAddress 0x0000000000000000000000000000000000000000 SubGroupSize: 21 UnitPrice: 0 DeriveShaImpl: 0 Engine: istanbul}"
WARN[03/31,21:52:37 +09] [40|node/config.go:417]                        Derived bls-nodekey from nodekey         
INFO[03/31,21:52:37 +09] [41|node/cn/backend.go:242]                    Initialising Klaytn protocol              versions="[65 64]" network=2018
WARN[03/31,21:52:37 +09] [5|blockchain/blockchain.go:2812]             Upgrade database version                  from=N/A to=4
INFO[03/31,21:52:37 +09] [49|storage/statedb/cache_fastcache.go:58]     Initializing local trie node cache (fastCache)  MaxMiB=1024 FilePath=/Users/junha/project/klaytn/homi-local/output/cn1/data/fastcache
INFO[03/31,21:52:37 +09] [49|storage/statedb/cache_fastcache.go:65]     Initialized local trie node cache (fastCache)  LoadedMiB=0 LoadedEntries=0 elapsed=153.209µs
INFO[03/31,21:52:37 +09] [5|blockchain/blockchain.go:506]              Loaded most recent local header           number=0 hash=f484ef…85cf4a td=1 age=10m31s773ms
INFO[03/31,21:52:37 +09] [5|blockchain/blockchain.go:507]              Loaded most recent local full block       number=0 hash=f484ef…85cf4a td=1 age=10m31s773ms
INFO[03/31,21:52:37 +09] [5|blockchain/blockchain.go:508]              Loaded most recent local fast block       number=0 hash=f484ef…85cf4a td=1 age=10m31s773ms
INFO[03/31,21:52:37 +09] [5|blockchain/blockchain.go:356]              prefetchTxWorkers are started             num=32
INFO[03/31,21:52:37 +09] [41|node/cn/backend.go:285]                    Live pruning is disabled because flag not stored in database 
INFO[03/31,21:52:37 +09] [5|blockchain/types/derivesha/mux.go:67]      InitDeriveSha                             initial=0 withGov=true
INFO[03/31,21:52:37 +09] [5|blockchain/tx_journal.go:171]              Regenerated local transaction journal     transactions=0 accounts=0
INFO[03/31,21:52:37 +09] [41|node/cn/backend.go:344]                    Loaded node keys                          nodeAddress=0xB11659C1d3fBA6c9191dAe770E61faf0ec4E8072 nodePublicKey=0x04b3bd82fdfab2b69a7e596aa474ce1c3c396e9605450e3a1508fd29e99c43946d147c82c11c6975614c3f3cd3fca7645639e8de88ba99b93d50cf31ccef1f3664 blsPublicKey=0x88b557a53a0594d435d9388ba55a12ad666d9ba37048f161673c60a90a1971b50771d177994fb0ea8f2ca5b53f56c511
INFO[03/31,21:52:37 +09] [40|networks/p2p/server.go:1205]               Starting P2P networking                  
INFO[03/31,21:52:37 +09] [40|networks/p2p/server.go:1311]               Started P2P server                        id=b3bd82fdfab2b69a multichannel=false
INFO[03/31,21:52:37 +09] [40|networks/p2p/server.go:1601]               RLPx listener up                          self="kni://b3bd82fdfab2b69a7e596aa474ce1c3c396e9605450e3a1508fd29e99c43946d147c82c11c6975614c3f3cd3fca7645639e8de88ba99b93d50cf31ccef1f3664@[::]:32323?discport=0"
WARN[03/31,21:52:37 +09] [44|reward/staking_manager.go:349]             unable to subscribe; this can slow down node  err="staking manager is not set"
INFO[03/31,21:52:37 +09] [40|node/node.go:407]                          IPC endpoint opened                       url=/Users/junha/project/klaytn/homi-local/output/cn1/data/klay.ipc
INFO[03/31,21:52:37 +09] [40|node/node.go:461]                          HTTP endpoint opened                      url=http://127.0.0.1:8551                                           cors= vhosts=*
INFO[03/31,21:52:37 +09] [51|work/work.go:156]                          Starting mining operation                
INFO[03/31,21:52:37 +09] [51|work/worker.go:543]                        Mining start for new block is later than expected  nextBlockNum=1 delay=10m30.777187s parentBlockTimestamp=1711888926 nextBlockTimestamp=1711889557
INFO[03/31,21:52:37 +09] [51|work/worker.go:624]                        Commit new mining work                    number=1 hash=45f5b9…3a5256 txs=0 elapsed=738.791µs commitTime=553.541µs finalizeTime=179.167µs
INFO[03/31,21:52:37 +09] [25|consensus/istanbul/core/prepare.go:89]     received a quorum of the messages and change state to prepared  msgType=1 prepareMsgNum=1 commitMsgNum=0 valSet=1
INFO[03/31,21:52:37 +09] [24|consensus/istanbul/backend/backend.go:313]  Committed                                 number=1 hash=8c8fdd…d05548 address=0xB11659C1d3fBA6c9191dAe770E61faf0ec4E8072
INFO[03/31,21:52:37 +09] [51|work/agent.go:117]                          Successfully sealed new block             number=1 hash=8c8fdd…d05548
INFO[03/31,21:52:40 +09] [18|cmd/utils/cmd.go:54]                        Got interrupt, shutting down...          
INFO[03/31,21:52:40 +09] [40|node/node.go:476]                           HTTP endpoint closed                      url=http://127.0.0.1:8551
INFO[03/31,21:52:40 +09] [40|node/node.go:417]                           IPC endpoint closed                       endpoint=/Users/junha/project/klaytn/homi-local/output/cn1/data/klay.ipc
INFO[03/31,21:52:40 +09] [41|node/cn/handler.go:397]                     Stopping Klaytn protocol                 
INFO[03/31,21:52:40 +09] [41|node/cn/handler.go:423]                     Klaytn protocol stopped                  
INFO[03/31,21:52:40 +09] [29|datasync/fetcher/fetcher.go:738]            Terminated insertWorker                  
INFO[03/31,21:52:40 +09] [5|blockchain/tx_pool.go:506]                  Transaction pool stopped                 
WARN[03/31,21:52:47 +09] [25|consensus/istanbul/core/core.go:397]        [RC] timeoutEvent Sent!                   set by=startNewRound sequence=1 round=0 proposer=0xB11659C1d3fBA6c9191dAe770E61faf0ec4E8072 preprepare is nil?=false len(prepares)=1 len(commits)=1
WARN[03/31,21:52:47 +09] [25|consensus/istanbul/core/core.go:402]        [RC] Prepares:                            messages="\n\t0xB11659C1d3fBA6c9191dAe770E61faf0ec4E8072\n"
WARN[03/31,21:52:47 +09] [25|consensus/istanbul/core/core.go:405]        [RC] Commits:                             messages="\n\t0xB11659C1d3fBA6c9191dAe770E61faf0ec4E8072\n"
WARN[03/31,21:52:47 +09] [25|consensus/istanbul/core/roundchange.go:51]  [RC] Prepare messages received before catchUpRound  address=0xB11659C1d3fBA6c9191dAe770E61faf0ec4E8072 state=Committed len(prepares)=1 messages="\n\t0xB11659C1d3fBA6c9191dAe770E61faf0ec4E8072\n"
WARN[03/31,21:52:47 +09] [25|consensus/istanbul/core/roundchange.go:53]  [RC] Commit messages received before catchUpRound  address=0xB11659C1d3fBA6c9191dAe770E61faf0ec4E8072 state=Committed len(commits)=1 messages="\n\t0xB11659C1d3fBA6c9191dAe770E61faf0ec4E8072\n"
WARN[03/31,21:52:47 +09] [25|consensus/istanbul/core/core.go:314]        [RC] Catch up round                       address=0xB11659C1d3fBA6c9191dAe770E61faf0ec4E8072 old_round=0 old_seq=1 old_proposer=0xB11659C1d3fBA6c9191dAe770E61faf0ec4E8072 new_round=1 new_seq=1 new_proposer=0xB11659C1d3fBA6c9191dAe770E61faf0ec4E8072
WARN[03/31,21:52:47 +09] [25|consensus/istanbul/core/roundchange.go:125]  [RC] Prepare messages received before startNewRound  address=0xB11659C1d3fBA6c9191dAe770E61faf0ec4E8072 state=Committed from=0xB11659C1d3fBA6c9191dAe770E61faf0ec4E8072 round=1 len(prepares)=0 messages="\n"
WARN[03/31,21:52:47 +09] [25|consensus/istanbul/core/roundchange.go:127]  [RC] Commit messages received before startNewRound  address=0xB11659C1d3fBA6c9191dAe770E61faf0ec4E8072 state=Committed from=0xB11659C1d3fBA6c9191dAe770E61faf0ec4E8072 round=1 len(commits)=0 messages="\n"
WARN[03/31,21:52:47 +09] [25|consensus/istanbul/core/roundchange.go:129]  [RC] Received 2f+1 Round Change Messages. Starting new round  address=0xB11659C1d3fBA6c9191dAe770E61faf0ec4E8072 state=Committed from=0xB11659C1d3fBA6c9191dAe770E61faf0ec4E8072 currentRound=1 newRound=1
WARN[03/31,21:52:47 +09] [25|consensus/istanbul/core/preprepare.go:120]   Received preprepare message of the hash locked proposal and change state to prepared  address=0xB11659C1d3fBA6c9191dAe770E61faf0ec4E8072 from=0xB11659C1d3fBA6c9191dAe770E61faf0ec4E8072 state="Accept request"
INFO[03/31,21:52:47 +09] [25|consensus/istanbul/core/vrank.go:156]        VRank                                     seq=1 round=0 bitmap=00 late=[]
INFO[03/31,21:52:47 +09] [24|consensus/istanbul/backend/backend.go:313]   Committed                                 number=1 hash=8c8fdd…d05548 address=0xB11659C1d3fBA6c9191dAe770E61faf0ec4E8072
INFO[03/31,21:55:47 +09] [31|metrics/utils/metrics.go:64]  Enabling metrics collection              
INFO[03/31,21:55:47 +09] [31|metrics/utils/metrics.go:66]  Enabling Prometheus Exporter             
INFO[03/31,21:55:47 +09] [18|cmd/utils/config.go:178]      Setting connection type                   nodetype=cn conntype=0
INFO[03/31,21:55:47 +09] [18|cmd/utils/config.go:186]      Setting MaxPhysicalConnections            MaxPhysicalConnections=10
INFO[03/31,21:55:47 +09] [18|cmd/utils/config.go:844]      A private network ID is set               networkid=2018
INFO[03/31,21:55:47 +09] [18|cmd/utils/config.go:728]      Raised fd limit to process's maximum value  fd=10240
INFO[03/31,21:55:47 +09] [18|cmd/utils/config.go:844]      A private network ID is set               networkid=2018
INFO[03/31,21:55:47 +09] [18|cmd/utils/config.go:592]      Archiving mode of this node               isArchiveMode=false
INFO[03/31,21:55:47 +09] [40|node/node.go:198]             Starting peer-to-peer node                instance=Klaytn/CN-1/v1.12.1/darwin-arm64/go1.22.0
INFO[03/31,21:55:47 +09] [48|storage/database/db_manager.go:587]  Non-single database is used for persistent storage  DBType=LevelDB
INFO[03/31,21:55:47 +09] [48|storage/database/leveldb_database.go:165]  LevelDB configurations                    path=/Users/junha/project/klaytn/homi-local/output/cn1/data/klay/chaindata/misc levelDBCacheSize=16 openFilesLimit=102 useBufferPool=true usePerfCheck=true compressionType=none compactionTableSize(MB)=2 compactionTableSizeMultiplier=1.000
INFO[03/31,21:55:47 +09] [48|storage/database/leveldb_database.go:165]  LevelDB configurations                    path=/Users/junha/project/klaytn/homi-local/output/cn1/data/klay/chaindata/header levelDBCacheSize=38 openFilesLimit=256 useBufferPool=true usePerfCheck=true compressionType=none compactionTableSize(MB)=2 compactionTableSizeMultiplier=1.000
INFO[03/31,21:55:47 +09] [48|storage/database/leveldb_database.go:165]  LevelDB configurations                    path=/Users/junha/project/klaytn/homi-local/output/cn1/data/klay/chaindata/body   levelDBCacheSize=38 openFilesLimit=256 useBufferPool=true usePerfCheck=true compressionType=none compactionTableSize(MB)=2 compactionTableSizeMultiplier=1.000
INFO[03/31,21:55:47 +09] [48|storage/database/leveldb_database.go:165]  LevelDB configurations                    path=/Users/junha/project/klaytn/homi-local/output/cn1/data/klay/chaindata/receipts levelDBCacheSize=38 openFilesLimit=256 useBufferPool=true usePerfCheck=true compressionType=none compactionTableSize(MB)=2 compactionTableSizeMultiplier=1.000
INFO[03/31,21:55:47 +09] [48|storage/database/leveldb_database.go:165]  LevelDB configurations                    path=/Users/junha/project/klaytn/homi-local/output/cn1/data/klay/chaindata/statetrie levelDBCacheSize=306 openFilesLimit=2048 useBufferPool=true usePerfCheck=true compressionType=none compactionTableSize(MB)=2 compactionTableSizeMultiplier=1.000
INFO[03/31,21:55:47 +09] [48|storage/database/leveldb_database.go:165]  LevelDB configurations                    path=/Users/junha/project/klaytn/homi-local/output/cn1/data/klay/chaindata/txlookup  levelDBCacheSize=16  openFilesLimit=102  useBufferPool=true usePerfCheck=true compressionType=none compactionTableSize(MB)=2 compactionTableSizeMultiplier=1.000
INFO[03/31,21:55:47 +09] [48|storage/database/leveldb_database.go:165]  LevelDB configurations                    path=/Users/junha/project/klaytn/homi-local/output/cn1/data/klay/chaindata/bridgeservice levelDBCacheSize=16  openFilesLimit=51   useBufferPool=true usePerfCheck=true compressionType=none compactionTableSize(MB)=2 compactionTableSizeMultiplier=1.000
INFO[03/31,21:55:47 +09] [48|storage/database/leveldb_database.go:165]  LevelDB configurations                    path=/Users/junha/project/klaytn/homi-local/output/cn1/data/klay/chaindata/snapshot      levelDBCacheSize=22  openFilesLimit=153  useBufferPool=true usePerfCheck=true compressionType=none compactionTableSize(MB)=2 compactionTableSizeMultiplier=1.000
INFO[03/31,21:55:47 +09] [30|governance/default.go:1065]                No governance state found in a database  
INFO[03/31,21:55:47 +09] [41|node/cn/backend.go:217]                    Initialised chain configuration           config="{ChainID: 1000 IstanbulCompatibleBlock: 0 LondonCompatibleBlock: 0 EthTxTypeCompatibleBlock: 0 MagmaCompatibleBlock: 0 KoreCompatibleBlock: 0 ShanghaiCompatibleBlock: 0 CancunCompatibleBlock: 0 DragonCompatibleBlock: 0 RandaoCompatibleBlock: 0 KIP103CompatibleBlock: 0 KIP103ContractAddress 0x0000000000000000000000000000000000000000 SubGroupSize: 21 UnitPrice: 0 DeriveShaImpl: 0 Engine: istanbul}"
INFO[03/31,21:55:47 +09] [41|node/cn/backend.go:242]                    Initialising Klaytn protocol              versions="[65 64]" network=2018
INFO[03/31,21:55:47 +09] [49|storage/statedb/cache_fastcache.go:58]     Initializing local trie node cache (fastCache)  MaxMiB=1024 FilePath=/Users/junha/project/klaytn/homi-local/output/cn1/data/fastcache
INFO[03/31,21:55:47 +09] [49|storage/statedb/cache_fastcache.go:65]     Initialized local trie node cache (fastCache)  LoadedMiB=0 LoadedEntries=0 elapsed=627.667µs
INFO[03/31,21:55:47 +09] [5|blockchain/blockchain.go:506]              Loaded most recent local header           number=0 hash=f484ef…85cf4a td=1 age=13m41s735ms
INFO[03/31,21:55:47 +09] [5|blockchain/blockchain.go:507]              Loaded most recent local full block       number=0 hash=f484ef…85cf4a td=1 age=13m41s735ms
INFO[03/31,21:55:47 +09] [5|blockchain/blockchain.go:508]              Loaded most recent local fast block       number=0 hash=f484ef…85cf4a td=1 age=13m41s735ms
INFO[03/31,21:55:47 +09] [5|blockchain/blockchain.go:356]              prefetchTxWorkers are started             num=32
INFO[03/31,21:55:47 +09] [41|node/cn/backend.go:285]                    Live pruning is disabled because flag not stored in database 
INFO[03/31,21:55:47 +09] [5|blockchain/types/derivesha/mux.go:67]      InitDeriveSha                             initial=0 withGov=true
INFO[03/31,21:55:47 +09] [5|blockchain/tx_journal.go:117]              Loaded local transaction journal          transactions=0 dropped=0
INFO[03/31,21:55:47 +09] [5|blockchain/tx_journal.go:171]              Regenerated local transaction journal     transactions=0 accounts=0
INFO[03/31,21:55:47 +09] [41|node/cn/backend.go:344]                    Loaded node keys                          nodeAddress=0xB11659C1d3fBA6c9191dAe770E61faf0ec4E8072 nodePublicKey=0x04b3bd82fdfab2b69a7e596aa474ce1c3c396e9605450e3a1508fd29e99c43946d147c82c11c6975614c3f3cd3fca7645639e8de88ba99b93d50cf31ccef1f3664 blsPublicKey=0x88b557a53a0594d435d9388ba55a12ad666d9ba37048f161673c60a90a1971b50771d177994fb0ea8f2ca5b53f56c511
INFO[03/31,21:55:47 +09] [40|networks/p2p/server.go:1205]               Starting P2P networking                  
INFO[03/31,21:55:47 +09] [40|networks/p2p/server.go:1311]               Started P2P server                        id=b3bd82fdfab2b69a multichannel=false
INFO[03/31,21:55:47 +09] [40|networks/p2p/server.go:1601]               RLPx listener up                          self="kni://b3bd82fdfab2b69a7e596aa474ce1c3c396e9605450e3a1508fd29e99c43946d147c82c11c6975614c3f3cd3fca7645639e8de88ba99b93d50cf31ccef1f3664@[::]:32323?discport=0"
WARN[03/31,21:55:47 +09] [44|reward/staking_manager.go:349]             unable to subscribe; this can slow down node  err="staking manager is not set"
INFO[03/31,21:55:47 +09] [40|node/node.go:407]                          IPC endpoint opened                       url=/Users/junha/project/klaytn/homi-local/output/cn1/data/klay.ipc
INFO[03/31,21:55:47 +09] [40|node/node.go:461]                          HTTP endpoint opened                      url=http://127.0.0.1:8551                                           cors= vhosts=*
INFO[03/31,21:55:47 +09] [51|work/work.go:156]                          Starting mining operation                
INFO[03/31,21:55:47 +09] [51|work/worker.go:543]                        Mining start for new block is later than expected  nextBlockNum=1 delay=13m40.741967s parentBlockTimestamp=1711888926 nextBlockTimestamp=1711889747
INFO[03/31,21:55:47 +09] [51|work/worker.go:624]                        Commit new mining work                    number=1 hash=21abfb…e19638 txs=0 elapsed=888.291µs commitTime=483.291µs finalizeTime=385.834µs
INFO[03/31,21:55:47 +09] [25|consensus/istanbul/core/prepare.go:89]     received a quorum of the messages and change state to prepared  msgType=1 prepareMsgNum=1 commitMsgNum=0 valSet=1
INFO[03/31,21:55:47 +09] [24|consensus/istanbul/backend/backend.go:313]  Committed                                 number=1 hash=8f82d5…6fe8e7 address=0xB11659C1d3fBA6c9191dAe770E61faf0ec4E8072
INFO[03/31,21:55:47 +09] [51|work/agent.go:117]                          Successfully sealed new block             number=1 hash=8f82d5…6fe8e7
WARN[03/31,21:55:57 +09] [25|consensus/istanbul/core/core.go:397]        [RC] timeoutEvent Sent!                   set by=startNewRound sequence=1 round=0 proposer=0xB11659C1d3fBA6c9191dAe770E61faf0ec4E8072 preprepare is nil?=false len(prepares)=1 len(commits)=1
WARN[03/31,21:55:57 +09] [25|consensus/istanbul/core/core.go:402]        [RC] Prepares:                            messages="\n\t0xB11659C1d3fBA6c9191dAe770E61faf0ec4E8072\n"
WARN[03/31,21:55:57 +09] [25|consensus/istanbul/core/core.go:405]        [RC] Commits:                             messages="\n\t0xB11659C1d3fBA6c9191dAe770E61faf0ec4E8072\n"
WARN[03/31,21:55:57 +09] [25|consensus/istanbul/core/roundchange.go:51]  [RC] Prepare messages received before catchUpRound  address=0xB11659C1d3fBA6c9191dAe770E61faf0ec4E8072 state=Committed len(prepares)=1 messages="\n\t0xB11659C1d3fBA6c9191dAe770E61faf0ec4E8072\n"
WARN[03/31,21:55:57 +09] [25|consensus/istanbul/core/roundchange.go:53]  [RC] Commit messages received before catchUpRound  address=0xB11659C1d3fBA6c9191dAe770E61faf0ec4E8072 state=Committed len(commits)=1 messages="\n\t0xB11659C1d3fBA6c9191dAe770E61faf0ec4E8072\n"
WARN[03/31,21:55:57 +09] [25|consensus/istanbul/core/core.go:314]        [RC] Catch up round                       address=0xB11659C1d3fBA6c9191dAe770E61faf0ec4E8072 old_round=0 old_seq=1 old_proposer=0xB11659C1d3fBA6c9191dAe770E61faf0ec4E8072 new_round=1 new_seq=1 new_proposer=0xB11659C1d3fBA6c9191dAe770E61faf0ec4E8072
WARN[03/31,21:55:57 +09] [25|consensus/istanbul/core/roundchange.go:125]  [RC] Prepare messages received before startNewRound  address=0xB11659C1d3fBA6c9191dAe770E61faf0ec4E8072 state=Committed from=0xB11659C1d3fBA6c9191dAe770E61faf0ec4E8072 round=1 len(prepares)=0 messages="\n"
WARN[03/31,21:55:57 +09] [25|consensus/istanbul/core/roundchange.go:127]  [RC] Commit messages received before startNewRound  address=0xB11659C1d3fBA6c9191dAe770E61faf0ec4E8072 state=Committed from=0xB11659C1d3fBA6c9191dAe770E61faf0ec4E8072 round=1 len(commits)=0 messages="\n"
WARN[03/31,21:55:57 +09] [25|consensus/istanbul/core/roundchange.go:129]  [RC] Received 2f+1 Round Change Messages. Starting new round  address=0xB11659C1d3fBA6c9191dAe770E61faf0ec4E8072 state=Committed from=0xB11659C1d3fBA6c9191dAe770E61faf0ec4E8072 currentRound=1 newRound=1
WARN[03/31,21:55:57 +09] [25|consensus/istanbul/core/preprepare.go:120]   Received preprepare message of the hash locked proposal and change state to prepared  address=0xB11659C1d3fBA6c9191dAe770E61faf0ec4E8072 from=0xB11659C1d3fBA6c9191dAe770E61faf0ec4E8072 state="Accept request"
INFO[03/31,21:55:57 +09] [25|consensus/istanbul/core/vrank.go:156]        VRank                                     seq=1 round=0 bitmap=00 late=[]
INFO[03/31,21:55:57 +09] [24|consensus/istanbul/backend/backend.go:313]   Committed                                 number=1 hash=8f82d5…6fe8e7 address=0xB11659C1d3fBA6c9191dAe770E61faf0ec4E8072
Commit map[]
INFO[03/31,21:55:57 +09] [5|blockchain/blockchain.go:2096]               Inserted a new block                      number=1 hash=8f82d5…6fe8e7 txs=0 gas=0 elapsed=3.604ms   processTxs=375ns finalize=312.75µs validateState=75.125µs totalWrite=549.583µs trieWrite=210.75µs
WARN[03/31,21:56:07 +09] [25|consensus/istanbul/core/core.go:397]         [RC] timeoutEvent Sent!                   set by=startNewRound sequence=2 round=0 proposer=0xB11659C1d3fBA6c9191dAe770E61faf0ec4E8072 preprepare is nil?=true  len(prepares)=0 len(commits)=0
WARN[03/31,21:56:07 +09] [25|consensus/istanbul/core/roundchange.go:51]   [RC] Prepare messages received before catchUpRound  address=0xB11659C1d3fBA6c9191dAe770E61faf0ec4E8072 state="Accept request" len(prepares)=0 messages="\n"
WARN[03/31,21:56:07 +09] [25|consensus/istanbul/core/roundchange.go:53]   [RC] Commit messages received before catchUpRound  address=0xB11659C1d3fBA6c9191dAe770E61faf0ec4E8072 state="Accept request" len(commits)=0 messages="\n"
WARN[03/31,21:56:07 +09] [25|consensus/istanbul/core/core.go:314]         [RC] Catch up round                       address=0xB11659C1d3fBA6c9191dAe770E61faf0ec4E8072 old_round=0 old_seq=2 old_proposer=0xB11659C1d3fBA6c9191dAe770E61faf0ec4E8072 new_round=1 new_seq=2 new_proposer=0xB11659C1d3fBA6c9191dAe770E61faf0ec4E8072
WARN[03/31,21:56:07 +09] [25|consensus/istanbul/core/roundchange.go:125]  [RC] Prepare messages received before startNewRound  address=0xB11659C1d3fBA6c9191dAe770E61faf0ec4E8072 state="Accept request" from=0xB11659C1d3fBA6c9191dAe770E61faf0ec4E8072 round=1 len(prepares)=0 messages="\n"
WARN[03/31,21:56:07 +09] [25|consensus/istanbul/core/roundchange.go:127]  [RC] Commit messages received before startNewRound  address=0xB11659C1d3fBA6c9191dAe770E61faf0ec4E8072 state="Accept request" from=0xB11659C1d3fBA6c9191dAe770E61faf0ec4E8072 round=1 len(commits)=0 messages="\n"
WARN[03/31,21:56:07 +09] [25|consensus/istanbul/core/roundchange.go:129]  [RC] Received 2f+1 Round Change Messages. Starting new round  address=0xB11659C1d3fBA6c9191dAe770E61faf0ec4E8072 state="Accept request" from=0xB11659C1d3fBA6c9191dAe770E61faf0ec4E8072 currentRound=1 newRound=1
INFO[03/31,21:56:17 +09] [51|work/worker.go:543]                          Mining start for new block is later than expected  nextBlockNum=2 delay=29.74335s     parentBlockTimestamp=1711889747 nextBlockTimestamp=1711889777
INFO[03/31,21:56:17 +09] [51|work/worker.go:624]                          Commit new mining work                    number=2 hash=040114…692639 txs=1 elapsed=3.006ms   commitTime=2.297ms   finalizeTime=695.125µs
INFO[03/31,21:56:17 +09] [25|consensus/istanbul/core/vrank.go:156]        VRank                                     seq=1 round=1 bitmap=00 late=[]
INFO[03/31,21:56:17 +09] [25|consensus/istanbul/core/prepare.go:89]       received a quorum of the messages and change state to prepared  msgType=1 prepareMsgNum=1 commitMsgNum=0 valSet=1
INFO[03/31,21:56:17 +09] [24|consensus/istanbul/backend/backend.go:313]   Committed                                 number=2 hash=749d14…fd2206 address=0xB11659C1d3fBA6c9191dAe770E61faf0ec4E8072
INFO[03/31,21:56:17 +09] [51|work/agent.go:117]                           Successfully sealed new block             number=2 hash=749d14…fd2206
WARN[03/31,21:56:19 +09] [25|consensus/istanbul/core/core.go:397]         [RC] timeoutEvent Sent!                   set by=catchUpRound  sequence=2 round=1 proposer=0xB11659C1d3fBA6c9191dAe770E61faf0ec4E8072 preprepare is nil?=false len(prepares)=1 len(commits)=1
WARN[03/31,21:56:19 +09] [25|consensus/istanbul/core/core.go:402]         [RC] Prepares:                            messages="\n\t0xB11659C1d3fBA6c9191dAe770E61faf0ec4E8072\n"
WARN[03/31,21:56:19 +09] [25|consensus/istanbul/core/core.go:405]         [RC] Commits:                             messages="\n\t0xB11659C1d3fBA6c9191dAe770E61faf0ec4E8072\n"
WARN[03/31,21:56:19 +09] [25|consensus/istanbul/core/roundchange.go:51]   [RC] Prepare messages received before catchUpRound  address=0xB11659C1d3fBA6c9191dAe770E61faf0ec4E8072 state=Committed        len(prepares)=1 messages="\n\t0xB11659C1d3fBA6c9191dAe770E61faf0ec4E8072\n"
WARN[03/31,21:56:19 +09] [25|consensus/istanbul/core/roundchange.go:53]   [RC] Commit messages received before catchUpRound  address=0xB11659C1d3fBA6c9191dAe770E61faf0ec4E8072 state=Committed        len(commits)=1 messages="\n\t0xB11659C1d3fBA6c9191dAe770E61faf0ec4E8072\n"
WARN[03/31,21:56:19 +09] [25|consensus/istanbul/core/core.go:314]         [RC] Catch up round                       address=0xB11659C1d3fBA6c9191dAe770E61faf0ec4E8072 old_round=1 old_seq=2 old_proposer=0xB11659C1d3fBA6c9191dAe770E61faf0ec4E8072 new_round=2 new_seq=2 new_proposer=0xB11659C1d3fBA6c9191dAe770E61faf0ec4E8072
WARN[03/31,21:56:19 +09] [25|consensus/istanbul/core/roundchange.go:125]  [RC] Prepare messages received before startNewRound  address=0xB11659C1d3fBA6c9191dAe770E61faf0ec4E8072 state=Committed        from=0xB11659C1d3fBA6c9191dAe770E61faf0ec4E8072 round=2 len(prepares)=0 messages="\n"
WARN[03/31,21:56:19 +09] [25|consensus/istanbul/core/roundchange.go:127]  [RC] Commit messages received before startNewRound  address=0xB11659C1d3fBA6c9191dAe770E61faf0ec4E8072 state=Committed        from=0xB11659C1d3fBA6c9191dAe770E61faf0ec4E8072 round=2 len(commits)=0 messages="\n"
WARN[03/31,21:56:19 +09] [25|consensus/istanbul/core/roundchange.go:129]  [RC] Received 2f+1 Round Change Messages. Starting new round  address=0xB11659C1d3fBA6c9191dAe770E61faf0ec4E8072 state=Committed        from=0xB11659C1d3fBA6c9191dAe770E61faf0ec4E8072 currentRound=2 newRound=2
WARN[03/31,21:56:19 +09] [25|consensus/istanbul/core/preprepare.go:120]   Received preprepare message of the hash locked proposal and change state to prepared  address=0xB11659C1d3fBA6c9191dAe770E61faf0ec4E8072 from=0xB11659C1d3fBA6c9191dAe770E61faf0ec4E8072 state="Accept request"
INFO[03/31,21:56:19 +09] [25|consensus/istanbul/core/vrank.go:156]        VRank                                     seq=2 round=1 bitmap=00 late=[]
INFO[03/31,21:56:19 +09] [24|consensus/istanbul/backend/backend.go:313]   Committed                                 number=2 hash=749d14…fd2206 address=0xB11659C1d3fBA6c9191dAe770E61faf0ec4E8072
Commit map[]
INFO[03/31,21:56:19 +09] [5|blockchain/blockchain.go:2096]               Inserted a new block                      number=2 hash=749d14…fd2206 txs=1 gas=21000 elapsed=2.433ms   processTxs=66.042µs finalize=296.166µs validateState=62.875µs totalWrite=369.708µs trieWrite=172.209µs
INFO[03/31,21:56:20 +09] [18|cmd/utils/cmd.go:54]                         Got interrupt, shutting down...          
INFO[03/31,21:56:20 +09] [40|node/node.go:476]                            HTTP endpoint closed                      url=http://127.0.0.1:8551
INFO[03/31,21:56:20 +09] [40|node/node.go:417]                            IPC endpoint closed                       endpoint=/Users/junha/project/klaytn/homi-local/output/cn1/data/klay.ipc
INFO[03/31,21:56:20 +09] [41|node/cn/handler.go:397]                      Stopping Klaytn protocol                 
INFO[03/31,21:56:20 +09] [41|node/cn/handler.go:423]                      Klaytn protocol stopped                  
INFO[03/31,21:56:20 +09] [29|datasync/fetcher/fetcher.go:738]             Terminated insertWorker                  
INFO[03/31,21:56:20 +09] [5|blockchain/tx_pool.go:506]                   Transaction pool stopped                 
INFO[03/31,21:58:14 +09] [31|metrics/utils/metrics.go:64]  Enabling metrics collection              
INFO[03/31,21:58:14 +09] [31|metrics/utils/metrics.go:66]  Enabling Prometheus Exporter             
INFO[03/31,21:58:14 +09] [18|cmd/utils/config.go:178]      Setting connection type                   nodetype=cn conntype=0
INFO[03/31,21:58:14 +09] [18|cmd/utils/config.go:186]      Setting MaxPhysicalConnections            MaxPhysicalConnections=10
INFO[03/31,21:58:14 +09] [18|cmd/utils/config.go:844]      A private network ID is set               networkid=2018
INFO[03/31,21:58:14 +09] [18|cmd/utils/config.go:728]      Raised fd limit to process's maximum value  fd=10240
INFO[03/31,21:58:14 +09] [18|cmd/utils/config.go:844]      A private network ID is set               networkid=2018
INFO[03/31,21:58:14 +09] [18|cmd/utils/config.go:592]      Archiving mode of this node               isArchiveMode=false
INFO[03/31,21:58:14 +09] [40|node/node.go:198]             Starting peer-to-peer node                instance=Klaytn/CN-1/v1.12.1/darwin-arm64/go1.22.0
INFO[03/31,21:58:14 +09] [48|storage/database/db_manager.go:587]  Non-single database is used for persistent storage  DBType=LevelDB
INFO[03/31,21:58:14 +09] [48|storage/database/leveldb_database.go:165]  LevelDB configurations                    path=/Users/junha/project/klaytn/homi-local/output/cn1/data/klay/chaindata/misc levelDBCacheSize=16 openFilesLimit=102 useBufferPool=true usePerfCheck=true compressionType=none compactionTableSize(MB)=2 compactionTableSizeMultiplier=1.000
INFO[03/31,21:58:14 +09] [48|storage/database/leveldb_database.go:165]  LevelDB configurations                    path=/Users/junha/project/klaytn/homi-local/output/cn1/data/klay/chaindata/header levelDBCacheSize=38 openFilesLimit=256 useBufferPool=true usePerfCheck=true compressionType=none compactionTableSize(MB)=2 compactionTableSizeMultiplier=1.000
INFO[03/31,21:58:14 +09] [48|storage/database/leveldb_database.go:165]  LevelDB configurations                    path=/Users/junha/project/klaytn/homi-local/output/cn1/data/klay/chaindata/body   levelDBCacheSize=38 openFilesLimit=256 useBufferPool=true usePerfCheck=true compressionType=none compactionTableSize(MB)=2 compactionTableSizeMultiplier=1.000
INFO[03/31,21:58:14 +09] [48|storage/database/leveldb_database.go:165]  LevelDB configurations                    path=/Users/junha/project/klaytn/homi-local/output/cn1/data/klay/chaindata/receipts levelDBCacheSize=38 openFilesLimit=256 useBufferPool=true usePerfCheck=true compressionType=none compactionTableSize(MB)=2 compactionTableSizeMultiplier=1.000
INFO[03/31,21:58:14 +09] [48|storage/database/leveldb_database.go:165]  LevelDB configurations                    path=/Users/junha/project/klaytn/homi-local/output/cn1/data/klay/chaindata/statetrie levelDBCacheSize=306 openFilesLimit=2048 useBufferPool=true usePerfCheck=true compressionType=none compactionTableSize(MB)=2 compactionTableSizeMultiplier=1.000
INFO[03/31,21:58:14 +09] [48|storage/database/leveldb_database.go:165]  LevelDB configurations                    path=/Users/junha/project/klaytn/homi-local/output/cn1/data/klay/chaindata/txlookup  levelDBCacheSize=16  openFilesLimit=102  useBufferPool=true usePerfCheck=true compressionType=none compactionTableSize(MB)=2 compactionTableSizeMultiplier=1.000
INFO[03/31,21:58:14 +09] [48|storage/database/leveldb_database.go:165]  LevelDB configurations                    path=/Users/junha/project/klaytn/homi-local/output/cn1/data/klay/chaindata/bridgeservice levelDBCacheSize=16  openFilesLimit=51   useBufferPool=true usePerfCheck=true compressionType=none compactionTableSize(MB)=2 compactionTableSizeMultiplier=1.000
INFO[03/31,21:58:14 +09] [48|storage/database/leveldb_database.go:165]  LevelDB configurations                    path=/Users/junha/project/klaytn/homi-local/output/cn1/data/klay/chaindata/snapshot      levelDBCacheSize=22  openFilesLimit=153  useBufferPool=true usePerfCheck=true compressionType=none compactionTableSize(MB)=2 compactionTableSizeMultiplier=1.000
INFO[03/31,21:58:14 +09] [30|governance/default.go:1065]                No governance state found in a database  
INFO[03/31,21:58:14 +09] [41|node/cn/backend.go:217]                    Initialised chain configuration           config="{ChainID: 1000 IstanbulCompatibleBlock: 0 LondonCompatibleBlock: 0 EthTxTypeCompatibleBlock: 0 MagmaCompatibleBlock: 0 KoreCompatibleBlock: 0 ShanghaiCompatibleBlock: 0 CancunCompatibleBlock: 0 DragonCompatibleBlock: 0 RandaoCompatibleBlock: 0 KIP103CompatibleBlock: 0 KIP103ContractAddress 0x0000000000000000000000000000000000000000 SubGroupSize: 21 UnitPrice: 0 DeriveShaImpl: 0 Engine: istanbul}"
INFO[03/31,21:58:14 +09] [41|node/cn/backend.go:242]                    Initialising Klaytn protocol              versions="[65 64]" network=2018
INFO[03/31,21:58:14 +09] [49|storage/statedb/cache_fastcache.go:58]     Initializing local trie node cache (fastCache)  MaxMiB=1024 FilePath=/Users/junha/project/klaytn/homi-local/output/cn1/data/fastcache
INFO[03/31,21:58:14 +09] [49|storage/statedb/cache_fastcache.go:65]     Initialized local trie node cache (fastCache)  LoadedMiB=0 LoadedEntries=0 elapsed=151.916µs
INFO[03/31,21:58:14 +09] [5|blockchain/blockchain.go:506]              Loaded most recent local header           number=2 hash=749d14…fd2206 td=3 age=1m57s269ms
INFO[03/31,21:58:14 +09] [5|blockchain/blockchain.go:507]              Loaded most recent local full block       number=2 hash=749d14…fd2206 td=3 age=1m57s269ms
INFO[03/31,21:58:14 +09] [5|blockchain/blockchain.go:508]              Loaded most recent local fast block       number=2 hash=749d14…fd2206 td=3 age=1m57s269ms
WARN[03/31,21:58:14 +09] [5|blockchain/blockchain.go:315]              Head state missing, repairing chain       number=2 hash=0x749d14765aa26772eda90064bcdf00ea2d2cfe328a6a141dde865012bffd2206
INFO[03/31,21:58:14 +09] [5|blockchain/blockchain.go:506]              Loaded most recent local header           number=2 hash=749d14…fd2206                                                      td=3 age=1m57s270ms
INFO[03/31,21:58:14 +09] [5|blockchain/blockchain.go:507]              Loaded most recent local full block       number=1 hash=8f82d5…6fe8e7                                                      td=2 age=1m57s270ms
INFO[03/31,21:58:14 +09] [5|blockchain/blockchain.go:508]              Loaded most recent local fast block       number=2 hash=749d14…fd2206                                                      td=3 age=1m57s270ms
INFO[03/31,21:58:14 +09] [5|blockchain/blockchain.go:356]              prefetchTxWorkers are started             num=32
INFO[03/31,21:58:14 +09] [41|node/cn/backend.go:285]                    Live pruning is disabled because flag not stored in database 
INFO[03/31,21:58:14 +09] [5|blockchain/types/derivesha/mux.go:67]      InitDeriveSha                             initial=0 withGov=true
INFO[03/31,21:58:14 +09] [5|blockchain/tx_journal.go:117]              Loaded local transaction journal          transactions=1 dropped=0
INFO[03/31,21:58:14 +09] [5|blockchain/tx_journal.go:171]              Regenerated local transaction journal     transactions=1 accounts=1
INFO[03/31,21:58:14 +09] [41|node/cn/backend.go:344]                    Loaded node keys                          nodeAddress=0xB11659C1d3fBA6c9191dAe770E61faf0ec4E8072 nodePublicKey=0x04b3bd82fdfab2b69a7e596aa474ce1c3c396e9605450e3a1508fd29e99c43946d147c82c11c6975614c3f3cd3fca7645639e8de88ba99b93d50cf31ccef1f3664 blsPublicKey=0x88b557a53a0594d435d9388ba55a12ad666d9ba37048f161673c60a90a1971b50771d177994fb0ea8f2ca5b53f56c511
INFO[03/31,21:58:14 +09] [40|networks/p2p/server.go:1205]               Starting P2P networking                  
INFO[03/31,21:58:14 +09] [40|networks/p2p/server.go:1311]               Started P2P server                        id=b3bd82fdfab2b69a multichannel=false
INFO[03/31,21:58:14 +09] [40|networks/p2p/server.go:1601]               RLPx listener up                          self="kni://b3bd82fdfab2b69a7e596aa474ce1c3c396e9605450e3a1508fd29e99c43946d147c82c11c6975614c3f3cd3fca7645639e8de88ba99b93d50cf31ccef1f3664@[::]:32323?discport=0"
WARN[03/31,21:58:14 +09] [44|reward/staking_manager.go:349]             unable to subscribe; this can slow down node  err="staking manager is not set"
INFO[03/31,21:58:14 +09] [40|node/node.go:407]                          IPC endpoint opened                       url=/Users/junha/project/klaytn/homi-local/output/cn1/data/klay.ipc
INFO[03/31,21:58:14 +09] [40|node/node.go:461]                          HTTP endpoint opened                      url=http://127.0.0.1:8551                                           cors= vhosts=*
INFO[03/31,21:58:14 +09] [51|work/work.go:156]                          Starting mining operation                
INFO[03/31,21:58:14 +09] [51|work/worker.go:543]                        Mining start for new block is later than expected  nextBlockNum=2 delay=2m26.277087s parentBlockTimestamp=1711889747 nextBlockTimestamp=1711889894
INFO[03/31,21:58:14 +09] [51|work/worker.go:624]                        Commit new mining work                    number=2 hash=39a5c3…c89e20                                                      txs=1 elapsed=1.054ms   commitTime=655µs finalizeTime=383.458µs
INFO[03/31,21:58:14 +09] [25|consensus/istanbul/core/prepare.go:89]     received a quorum of the messages and change state to prepared  msgType=1 prepareMsgNum=1 commitMsgNum=0 valSet=1
INFO[03/31,21:58:14 +09] [24|consensus/istanbul/backend/backend.go:313]  Committed                                 number=2 hash=41d4ea…010167                                                      address=0xB11659C1d3fBA6c9191dAe770E61faf0ec4E8072
INFO[03/31,21:58:14 +09] [51|work/agent.go:117]                          Successfully sealed new block             number=2 hash=41d4ea…010167
WARN[03/31,21:58:24 +09] [25|consensus/istanbul/core/core.go:397]        [RC] timeoutEvent Sent!                   set by=startNewRound sequence=2 round=0 proposer=0xB11659C1d3fBA6c9191dAe770E61faf0ec4E8072 preprepare is nil?=false len(prepares)=1 len(commits)=1
WARN[03/31,21:58:24 +09] [25|consensus/istanbul/core/core.go:402]        [RC] Prepares:                            messages="\n\t0xB11659C1d3fBA6c9191dAe770E61faf0ec4E8072\n"
WARN[03/31,21:58:24 +09] [25|consensus/istanbul/core/core.go:405]        [RC] Commits:                             messages="\n\t0xB11659C1d3fBA6c9191dAe770E61faf0ec4E8072\n"
WARN[03/31,21:58:24 +09] [25|consensus/istanbul/core/roundchange.go:51]  [RC] Prepare messages received before catchUpRound  address=0xB11659C1d3fBA6c9191dAe770E61faf0ec4E8072 state=Committed len(prepares)=1 messages="\n\t0xB11659C1d3fBA6c9191dAe770E61faf0ec4E8072\n"
WARN[03/31,21:58:24 +09] [25|consensus/istanbul/core/roundchange.go:53]  [RC] Commit messages received before catchUpRound  address=0xB11659C1d3fBA6c9191dAe770E61faf0ec4E8072 state=Committed len(commits)=1 messages="\n\t0xB11659C1d3fBA6c9191dAe770E61faf0ec4E8072\n"
WARN[03/31,21:58:24 +09] [25|consensus/istanbul/core/core.go:314]        [RC] Catch up round                       address=0xB11659C1d3fBA6c9191dAe770E61faf0ec4E8072 old_round=0 old_seq=2 old_proposer=0xB11659C1d3fBA6c9191dAe770E61faf0ec4E8072 new_round=1 new_seq=2 new_proposer=0xB11659C1d3fBA6c9191dAe770E61faf0ec4E8072
WARN[03/31,21:58:24 +09] [25|consensus/istanbul/core/roundchange.go:125]  [RC] Prepare messages received before startNewRound  address=0xB11659C1d3fBA6c9191dAe770E61faf0ec4E8072 state=Committed from=0xB11659C1d3fBA6c9191dAe770E61faf0ec4E8072 round=1 len(prepares)=0 messages="\n"
WARN[03/31,21:58:24 +09] [25|consensus/istanbul/core/roundchange.go:127]  [RC] Commit messages received before startNewRound  address=0xB11659C1d3fBA6c9191dAe770E61faf0ec4E8072 state=Committed from=0xB11659C1d3fBA6c9191dAe770E61faf0ec4E8072 round=1 len(commits)=0 messages="\n"
WARN[03/31,21:58:24 +09] [25|consensus/istanbul/core/roundchange.go:129]  [RC] Received 2f+1 Round Change Messages. Starting new round  address=0xB11659C1d3fBA6c9191dAe770E61faf0ec4E8072 state=Committed from=0xB11659C1d3fBA6c9191dAe770E61faf0ec4E8072 currentRound=1 newRound=1
WARN[03/31,21:58:24 +09] [25|consensus/istanbul/core/preprepare.go:120]   Received preprepare message of the hash locked proposal and change state to prepared  address=0xB11659C1d3fBA6c9191dAe770E61faf0ec4E8072 from=0xB11659C1d3fBA6c9191dAe770E61faf0ec4E8072 state="Accept request"
INFO[03/31,21:58:24 +09] [25|consensus/istanbul/core/vrank.go:156]        VRank                                     seq=2 round=0 bitmap=00 late=[]
INFO[03/31,21:58:24 +09] [24|consensus/istanbul/backend/backend.go:313]   Committed                                 number=2 hash=41d4ea…010167                                                      address=0xB11659C1d3fBA6c9191dAe770E61faf0ec4E8072
Commit map[]
INFO[03/31,21:58:24 +09] [5|blockchain/blockchain.go:2096]               Inserted a new block                      number=2 hash=41d4ea…010167                                                      txs=1 gas=21000 elapsed=4.390ms   processTxs=145.917µs finalize=603.041µs validateState=95.792µs totalWrite=729.25µs trieWrite=338.125µs
WARN[03/31,21:58:34 +09] [25|consensus/istanbul/core/core.go:397]         [RC] timeoutEvent Sent!                   set by=startNewRound sequence=3 round=0 proposer=0xB11659C1d3fBA6c9191dAe770E61faf0ec4E8072 preprepare is nil?=true  len(prepares)=0 len(commits)=0
WARN[03/31,21:58:34 +09] [25|consensus/istanbul/core/roundchange.go:51]   [RC] Prepare messages received before catchUpRound  address=0xB11659C1d3fBA6c9191dAe770E61faf0ec4E8072 state="Accept request" len(prepares)=0 messages="\n"
WARN[03/31,21:58:34 +09] [25|consensus/istanbul/core/roundchange.go:53]   [RC] Commit messages received before catchUpRound  address=0xB11659C1d3fBA6c9191dAe770E61faf0ec4E8072 state="Accept request" len(commits)=0 messages="\n"
WARN[03/31,21:58:34 +09] [25|consensus/istanbul/core/core.go:314]         [RC] Catch up round                       address=0xB11659C1d3fBA6c9191dAe770E61faf0ec4E8072 old_round=0 old_seq=3 old_proposer=0xB11659C1d3fBA6c9191dAe770E61faf0ec4E8072 new_round=1 new_seq=3 new_proposer=0xB11659C1d3fBA6c9191dAe770E61faf0ec4E8072
WARN[03/31,21:58:34 +09] [25|consensus/istanbul/core/roundchange.go:125]  [RC] Prepare messages received before startNewRound  address=0xB11659C1d3fBA6c9191dAe770E61faf0ec4E8072 state="Accept request" from=0xB11659C1d3fBA6c9191dAe770E61faf0ec4E8072 round=1 len(prepares)=0 messages="\n"
WARN[03/31,21:58:34 +09] [25|consensus/istanbul/core/roundchange.go:127]  [RC] Commit messages received before startNewRound  address=0xB11659C1d3fBA6c9191dAe770E61faf0ec4E8072 state="Accept request" from=0xB11659C1d3fBA6c9191dAe770E61faf0ec4E8072 round=1 len(commits)=0 messages="\n"
WARN[03/31,21:58:34 +09] [25|consensus/istanbul/core/roundchange.go:129]  [RC] Received 2f+1 Round Change Messages. Starting new round  address=0xB11659C1d3fBA6c9191dAe770E61faf0ec4E8072 state="Accept request" from=0xB11659C1d3fBA6c9191dAe770E61faf0ec4E8072 currentRound=1 newRound=1
INFO[03/31,21:58:37 +09] [18|cmd/utils/cmd.go:54]                         Got interrupt, shutting down...          
INFO[03/31,21:58:37 +09] [40|node/node.go:476]                            HTTP endpoint closed                      url=http://127.0.0.1:8551
INFO[03/31,21:58:37 +09] [40|node/node.go:417]                            IPC endpoint closed                       endpoint=/Users/junha/project/klaytn/homi-local/output/cn1/data/klay.ipc
INFO[03/31,21:58:37 +09] [41|node/cn/handler.go:397]                      Stopping Klaytn protocol                 
INFO[03/31,21:58:37 +09] [41|node/cn/handler.go:423]                      Klaytn protocol stopped                  
INFO[03/31,21:58:37 +09] [29|datasync/fetcher/fetcher.go:738]             Terminated insertWorker                  
INFO[03/31,21:58:37 +09] [5|blockchain/tx_pool.go:506]                   Transaction pool stopped                 
INFO[03/31,21:58:44 +09] [51|work/worker.go:543]                          Mining start for new block is later than expected  nextBlockNum=3 delay=29.278852s   parentBlockTimestamp=1711889894 nextBlockTimestamp=1711889924
INFO[03/31,21:58:44 +09] [51|work/worker.go:624]                          Commit new mining work                    number=3 hash=b2bfb6…ba6dfe                                                      txs=0 elapsed=1.239ms   commitTime=983.333µs finalizeTime=248.583µs
INFO[03/31,21:58:44 +09] [25|consensus/istanbul/core/vrank.go:156]        VRank                                     seq=2 round=1 bitmap=00 late=[]
INFO[03/31,21:58:44 +09] [25|consensus/istanbul/core/prepare.go:89]       received a quorum of the messages and change state to prepared  msgType=1 prepareMsgNum=1 commitMsgNum=0 valSet=1
INFO[03/31,21:58:44 +09] [24|consensus/istanbul/backend/backend.go:313]   Committed                                 number=3 hash=63d76e…80e8c5                                                      address=0xB11659C1d3fBA6c9191dAe770E61faf0ec4E8072
INFO[03/31,21:58:44 +09] [51|work/agent.go:117]                           Successfully sealed new block             number=3 hash=63d76e…80e8c5
WARN[03/31,21:58:46 +09] [25|consensus/istanbul/core/core.go:397]         [RC] timeoutEvent Sent!                   set by=catchUpRound  sequence=3 round=1 proposer=0xB11659C1d3fBA6c9191dAe770E61faf0ec4E8072 preprepare is nil?=false len(prepares)=1 len(commits)=1
WARN[03/31,21:58:46 +09] [25|consensus/istanbul/core/core.go:402]         [RC] Prepares:                            messages="\n\t0xB11659C1d3fBA6c9191dAe770E61faf0ec4E8072\n"
WARN[03/31,21:58:46 +09] [25|consensus/istanbul/core/core.go:405]         [RC] Commits:                             messages="\n\t0xB11659C1d3fBA6c9191dAe770E61faf0ec4E8072\n"
WARN[03/31,21:58:46 +09] [25|consensus/istanbul/core/roundchange.go:51]   [RC] Prepare messages received before catchUpRound  address=0xB11659C1d3fBA6c9191dAe770E61faf0ec4E8072 state=Committed        len(prepares)=1 messages="\n\t0xB11659C1d3fBA6c9191dAe770E61faf0ec4E8072\n"
WARN[03/31,21:58:46 +09] [25|consensus/istanbul/core/roundchange.go:53]   [RC] Commit messages received before catchUpRound  address=0xB11659C1d3fBA6c9191dAe770E61faf0ec4E8072 state=Committed        len(commits)=1 messages="\n\t0xB11659C1d3fBA6c9191dAe770E61faf0ec4E8072\n"
WARN[03/31,21:58:46 +09] [25|consensus/istanbul/core/core.go:314]         [RC] Catch up round                       address=0xB11659C1d3fBA6c9191dAe770E61faf0ec4E8072 old_round=1 old_seq=3 old_proposer=0xB11659C1d3fBA6c9191dAe770E61faf0ec4E8072 new_round=2 new_seq=3 new_proposer=0xB11659C1d3fBA6c9191dAe770E61faf0ec4E8072
WARN[03/31,21:58:46 +09] [25|consensus/istanbul/core/roundchange.go:125]  [RC] Prepare messages received before startNewRound  address=0xB11659C1d3fBA6c9191dAe770E61faf0ec4E8072 state=Committed        from=0xB11659C1d3fBA6c9191dAe770E61faf0ec4E8072 round=2 len(prepares)=0 messages="\n"
WARN[03/31,21:58:46 +09] [25|consensus/istanbul/core/roundchange.go:127]  [RC] Commit messages received before startNewRound  address=0xB11659C1d3fBA6c9191dAe770E61faf0ec4E8072 state=Committed        from=0xB11659C1d3fBA6c9191dAe770E61faf0ec4E8072 round=2 len(commits)=0 messages="\n"
WARN[03/31,21:58:46 +09] [25|consensus/istanbul/core/roundchange.go:129]  [RC] Received 2f+1 Round Change Messages. Starting new round  address=0xB11659C1d3fBA6c9191dAe770E61faf0ec4E8072 state=Committed        from=0xB11659C1d3fBA6c9191dAe770E61faf0ec4E8072 currentRound=2 newRound=2
WARN[03/31,21:58:46 +09] [25|consensus/istanbul/core/preprepare.go:120]   Received preprepare message of the hash locked proposal and change state to prepared  address=0xB11659C1d3fBA6c9191dAe770E61faf0ec4E8072 from=0xB11659C1d3fBA6c9191dAe770E61faf0ec4E8072 state="Accept request"
INFO[03/31,21:58:46 +09] [25|consensus/istanbul/core/vrank.go:156]        VRank                                     seq=3 round=1 bitmap=00 late=[]
INFO[03/31,21:58:46 +09] [24|consensus/istanbul/backend/backend.go:313]   Committed                                 number=3 hash=63d76e…80e8c5                                                      address=0xB11659C1d3fBA6c9191dAe770E61faf0ec4E8072
